<?xml version="1.0" encoding="UTF-8"?>
<testsuite xmlns:xsi="http://www.w3.org/2001/XMLSchema-instance" xsi:noNamespaceSchemaLocation="https://maven.apache.org/surefire/maven-surefire-plugin/xsd/surefire-test-report-3.0.xsd" version="3.0" name="com.example.calculator.CalculatorTest" time="0.406" tests="1" errors="0" skipped="0" failures="0">
  <properties>
[...]
</properties>
  <testcase name="testAddition" classname="com.example.calculator.CalculatorTest" time="0.007">
    <system-out><![CDATA[22:01:56.956 [main] DEBUG org.testng.internal.Graph - [Graph] ADDING NODE CalculatorTest.testAddition()[pri:0, instance:com.example.calculator.CalculatorTest@6293abcc] 1906166924
22:01:56.961 [main] DEBUG org.testng.internal.Graph - [Graph] ================ SORTING
22:01:56.965 [main] DEBUG org.testng.internal.Graph - [Graph] =============== DONE SORTING
22:01:56.965 [main] DEBUG org.testng.internal.Graph - [Graph] ====== SORTED NODES
22:01:56.965 [main] DEBUG org.testng.internal.Graph - [Graph] ====== END SORTED NODES
]]></system-out>
  </testcase>
</testsuite>