<?xml version="1.0" encoding="UTF-8"?>
<testng-results ignored="0" total="1" passed="1" failed="0" skipped="0">
  <reporter-output>
  </reporter-output>
  <suite started-at="2025-02-11T22:01:56 IST" name="Surefire suite" finished-at="2025-02-11T22:01:57 IST" duration-ms="39">
    <groups>
    </groups>
    <test started-at="2025-02-11T22:01:56 IST" name="Surefire test" finished-at="2025-02-11T22:01:57 IST" duration-ms="39">
      <class name="com.example.calculator.CalculatorTest">
        <test-method signature="testAddition()[pri:0, instance:com.example.calculator.CalculatorTest@6293abcc]" started-at="2025-02-11T22:01:57 IST" name="testAddition" finished-at="2025-02-11T22:01:57 IST" duration-ms="5" status="PASS">
          <reporter-output>
          </reporter-output>
        </test-method> <!-- testAddition -->
      </class> <!-- com.example.calculator.CalculatorTest -->
    </test> <!-- Surefire test -->
  </suite> <!-- Surefire suite -->
</testng-results>
